Step: build-step-credential-initializer-rzz8t:

Unable to retrieve container logs for docker://2c3ad4001ce0653f241ea305df8ce5307707cfac38d4532d2470cd8882b9480c
Step: build-step-working-dir-initializer-csrwl:

Unable to retrieve container logs for docker://52c0d013d702732a0dc0a7c977feb23176022733eec5750da340284b73284864
Step: build-step-place-tools:

Unable to retrieve container logs for docker://35cb361aa25ae06b3ccc5cf3308f0a68b548cdf11319ec6a4d55c0edfe2fd94d
Step: build-step-git-source-jenkins-x-charts-environment-co-rqx6c:

{"level":"warn","ts":1565610041.3460393,"logger":"fallback-logger","caller":"logging/config.go:65","msg":"Fetch GitHub commit ID from kodata failed: \"ref: refs/heads/master\" is not a valid GitHub commit ID"}
{"level":"info","ts":1565610042.6624649,"logger":"fallback-logger","caller":"git/git.go:102","msg":"Successfully cloned https://github.com/jenkins-x-charts/environment-controller @ 86984af8d3cb80508c4755351aae9345232e82d5 in path /workspace/source"}
Step: build-step-git-merge:

Warning failed to load version: failed to parse version -dev+9e73adc0b: No Major.Minor.Patch elements found
time="2019-08-12T11:40:43Z" level=info msg="got "
Using SHAs from PULL_REFS=master:4b8ef47a95f15ff4f12a5783d905e960c153a3a0,193:86984af8d3cb80508c4755351aae9345232e82d5
ran git fetch --unshallow origin 86984af8d3cb80508c4755351aae9345232e82d5: 4b8ef47a95f15ff4f12a5783d905e960c153a3a0: in 
ran git checkout master in 
ran git reset --hard 4b8ef47a95f15ff4f12a5783d905e960c153a3a0 in 
ran clean --force -d . in 
ran git merge 86984af8d3cb80508c4755351aae9345232e82d5 in 
Step: build-step-build-build:

rm -rf environment-controller/charts
rm -rf environment-controller/environment-controller*.tgz
rm -rf environment-controller/requirements.lock
helm init --client-only
Creating /builder/home/.helm 
Creating /builder/home/.helm/repository 
Creating /builder/home/.helm/repository/cache 
Creating /builder/home/.helm/repository/local 
Creating /builder/home/.helm/plugins 
Creating /builder/home/.helm/starters 
Creating /builder/home/.helm/cache/archive 
Creating /builder/home/.helm/repository/repositories.yaml 
Adding stable repo with URL: https://kubernetes-charts.storage.googleapis.com 
Adding local repo with URL: http://127.0.0.1:8879/charts 
$HELM_HOME has been configured at /builder/home/.helm.
Not installing Tiller due to 'client-only' flag having been set
helm repo add jenkins-x http://chartmuseum.jenkins-x.io 	
"jenkins-x" has been added to your repositories
helm dependency build environment-controller
Hang tight while we grab the latest from your chart repositories...
...Unable to get an update from the "local" chart repository (http://127.0.0.1:8879/charts):
	Get http://127.0.0.1:8879/charts/index.yaml: dial tcp 127.0.0.1:8879: connect: connection refused
...Successfully got an update from the "jenkins-x" chart repository
...Successfully got an update from the "stable" chart repository
Update Complete.
Saving 1 charts
Downloading tekton from repo http://chartmuseum.jenkins-x.io
Deleting outdated charts
helm lint environment-controller
==> Linting environment-controller
Lint OK

1 chart(s) linted, no failures
