Step: build-step-credential-initializer-ftphc:

Unable to retrieve container logs for docker://3dc1595e8d5e386d23a2f35f7da1174fcd4484c200a2211a10fb7cfa9ff9f04e
Step: build-step-working-dir-initializer-42597:

Unable to retrieve container logs for docker://48d0c4e22eb7233e84202d96fd0f0347a9d2dd59016ca90b14c540e5d73b0427
Step: build-step-place-tools:

Unable to retrieve container logs for docker://ce07fb210a296326a6f8038db203f975857aae560426160138260145875e4173
Step: build-step-git-source-jenkins-x-charts-environment-co-gcsw2:

{"level":"warn","ts":1565292349.1255667,"logger":"fallback-logger","caller":"logging/config.go:65","msg":"Fetch GitHub commit ID from kodata failed: \"ref: refs/heads/master\" is not a valid GitHub commit ID"}
{"level":"info","ts":1565292350.4187927,"logger":"fallback-logger","caller":"git/git.go:102","msg":"Successfully cloned https://github.com/jenkins-x-charts/environment-controller @ v0.0.204 in path /workspace/source"}
Step: build-step-git-merge:

Warning failed to load version: failed to parse version -dev+9e73adc0b: No Major.Minor.Patch elements found
time="2019-08-08T19:25:51Z" level=info msg="got "
Using SHAs from PULL_REFS=master:2e07b1e1b2d1db467456c5f42ba4f2e07a54b1cb
time="2019-08-08T19:25:51Z" level=warning msg="no SHAs to merge, falling back to initial cloned commit"
Step: build-step-setup-**-git-credentials:

Generated Git credentials file /builder/home/git/credentials
Step: build-step-build-basic-auth-username:

/builder/home/basic-auth-user.json
Step: build-step-build-basic-auth-password:

/builder/home/basic-auth-pass.json
Step: build-step-build-release:

rm -rf environment-controller/charts
rm -rf environment-controller/environment-controller*.tgz
rm -rf environment-controller/requirements.lock
helm init --client-only
Creating /builder/home/.helm 
Creating /builder/home/.helm/repository 
Creating /builder/home/.helm/repository/cache 
Creating /builder/home/.helm/repository/local 
Creating /builder/home/.helm/plugins 
Creating /builder/home/.helm/starters 
Creating /builder/home/.helm/cache/archive 
Creating /builder/home/.helm/repository/repositories.yaml 
Adding stable repo with URL: https://kubernetes-charts.storage.googleapis.com 
Adding local repo with URL: http://127.0.0.1:8879/charts 
$HELM_HOME has been configured at /builder/home/.helm.
Not installing Tiller due to 'client-only' flag having been set
helm repo add jenkins-x http://chartmuseum.jenkins-x.io 	
"jenkins-x" has been added to your repositories
helm dependency build environment-controller
Hang tight while we grab the latest from your chart repositories...
...Unable to get an update from the "local" chart repository (http://127.0.0.1:8879/charts):
	Get http://127.0.0.1:8879/charts/index.yaml: dial tcp 127.0.0.1:8879: connect: connection refused
...Successfully got an update from the "jenkins-x" chart repository
...Successfully got an update from the "stable" chart repository
Update Complete.
Saving 1 charts
Downloading tekton from repo http://chartmuseum.jenkins-x.io
Deleting outdated charts
helm lint environment-controller
==> Linting environment-controller
Lint OK

1 chart(s) linted, no failures
sed -i -e "s/version:.*/version: 0.0.204/" environment-controller/Chart.yaml
helm package environment-controller
Successfully packaged chart and saved it to: /workspace/source/environment-controller-0.0.204.tgz
curl --fail -u *****:************ --data-binary "@environment-controller-0.0.204.tgz" http://jenkins-x-chartmuseum:8080/api/charts
  % Total    % Received % Xferd  Average Speed   Time    Time     Time  Current
                                 Dload  Upload   Total   Spent    Left  Speed
  0     0    0     0    0     0      0      0 --:--:-- --:--:-- --:--:--     0100  7431  100    14  100  7417     75  39823 --:--:-- --:--:-- --:--:-- 39876
{"saved":true}rm -rf environment-controller*.tgz
** step changelog  --verbose --version 0.0.204 --rev 2e07b1e1b2d1db467456c5f42ba4f2e07a54b1cb
Converted /workspace/source to an unshallow repository
DEBUG: Using helmBinary helm with feature flag: template-mode
Generating change log from git ref 46d0d2025e5ea9f5732f35f6acbf51d79309da43 => 2e07b1e1b2d1db467456c5f42ba4f2e07a54b1cb
DEBUG: merging pipeline secrets with local secrets
DEBUG: merging pipeline secrets with local secrets
DEBUG: Found commits:
DEBUG:   commit 2e07b1e1b2d1db467456c5f42ba4f2e07a54b1cb
DEBUG:   Author: ************* <35031835+*************@users.noreply.github.com>
DEBUG:   Date: Thu Aug  8 20:25:29 2019
DEBUG:       
Merge pull request #188 from *************/bump-chart-version-b48c855e-ba11-11e9-aadb-3692609b7de4

chore(deps): bump https://github.com/jenkins-x/jenkins-x-builders


DEBUG:   commit f01d7cbc69ab6b4817118f25f98cb48966fbe1e1
DEBUG:   Author: ************* <jenkins-x@googlegroups.com>
DEBUG:   Date: Thu Aug  8 19:22:30 2019
DEBUG:       chore(deps): bump https://github.com/jenkins-x/jenkins-x-builders from 0.1.640 to 0.1.641

Command run was `** step create pr regex --regex (?m)^\s+repository: gcr.io/jenkinsxio/builder-maven\s+tag: (?P<version>.*) --version 0.1.641 --files prow/values.yaml --files environment-controller/values.yaml --repo https://github.com/jenkins-x-charts/prow.git --repo https://github.com/jenkins-x-charts/environment-controller.git`



DEBUG:   commit 75782375ad6348bf60c02621776c843a000fd1fb
DEBUG:   Author: ************* <jenkins-x@googlegroups.com>
DEBUG:   Date: Thu Aug  8 19:21:21 2019
DEBUG:       chore(deps): bump https://github.com/jenkins-x/jenkins-x-builders to 0.1.641

Command run was `** step create pr chart --name gcr.io/jenkinsxio/builder-maven --version 0.1.641 --repo https://github.com/jenkins-x-charts/environment-controller.git --repo https://github.com/jenkins-x-charts/prow.git`



WARNING: Failed to enrich commit f01d7cbc69ab6b4817118f25f98cb48966fbe1e1 with issues: users.jenkins.io "x-0" already exists
WARNING: Failed to enrich commit f01d7cbc69ab6b4817118f25f98cb48966fbe1e1 with issues: users.jenkins.io "x-0" already exists
DEBUG: merging pipeline secrets with local secrets
DEBUG: Dependency update yaml is updates:
- component: ""
  fromReleaseHTMLURL: https://github.com/jenkins-x/**/releases/tag/v2.0.573
  fromReleaseName: 2.0.573
  fromVersion: 2.0.573
  host: github.com
  owner: jenkins-x
  repo: **
  toReleaseHTMLURL: https://github.com/jenkins-x/**/releases/tag/v2.0.574
  toReleaseName: 2.0.574
  toVersion: 2.0.574
  url: https://github.com/jenkins-x/**
Finding issues in commit messages using git format
WARNING: Failed to enrich commit 75782375ad6348bf60c02621776c843a000fd1fb with issues: users.jenkins.io "x-0" already exists
WARNING: Failed to enrich commit 75782375ad6348bf60c02621776c843a000fd1fb with issues: users.jenkins.io "x-0" already exists
DEBUG: Generated release notes:

## Changes

### Chores

* deps: bump https://github.com/jenkins-x/jenkins-x-builders from 0.1.640 to 0.1.641
* deps: bump https://github.com/jenkins-x/jenkins-x-builders to 0.1.641

### Dependency Updates

| Dependency | Component | New Version | Old Version |
| ---------- | --------- | ----------- | ----------- |
| [jenkins-x/jenkins-x-builders](https://github.com/jenkins-x/jenkins-x-builders) |  | [0.1.641](https://github.com/jenkins-x/jenkins-x-builders/releases/tag/v0.1.641) | [0.1.640](https://github.com/jenkins-x/jenkins-x-builders/releases/tag/v0.1.640)|
| [jenkins-x/**](https://github.com/jenkins-x/**) |  | [0.1.641](https://github.com/jenkins-x/jenkins-x-builders/releases/tag/v0.1.641) | [2.0.573](https://github.com/jenkins-x/**/releases/tag/v2.0.573)|

WARNING: No release found for jenkins-x-charts/environment-controller and tag v0.0.204 so creating a new release
Updated the release information at https://github.com/jenkins-x-charts/environment-controller/releases/tag/v0.0.204
Uploaded /workspace/source/dependency-matrix/matrix.yaml to release asset https://github.com/jenkins-x-charts/environment-controller/releases/download/v0.0.204/dependency-matrix.yaml
Uploaded dependency-updates.yaml to release asset https://github.com/jenkins-x-charts/environment-controller/releases/download/v0.0.204/dependency-updates.yaml
generated: /workspace/source/environment-controller/templates/release.yaml
Created Release environment-controller-0-0-204 resource in namespace **
Updating PipelineActivity jenkins-x-charts-environment-controller-master-206 with version 0.0.204
Updated PipelineActivities jenkins-x-charts-environment-controller-master-206 with release notes URL: https://github.com/jenkins-x-charts/environment-controller/releases/tag/v0.0.204
