Step: build-step-credential-initializer-72mtq:

Unable to retrieve container logs for docker://d2ee46b8ceb81e6efba246f5515aa963b4bfad014818d223d9ff5005a150e81e
Step: build-step-working-dir-initializer-scn27:

Unable to retrieve container logs for docker://fd0fab93e782e377ed0889191fe55d4b523c2f0aaf142978baf94c09fffe691d
Step: build-step-place-tools:

Unable to retrieve container logs for docker://81768942787f284ada6f060e8bbaf06c9331550ce918ac7f449bbf9bc35fe67f
Step: build-step-git-source-jenkins-x-charts-environment-co-lj5mp:

{"level":"warn","ts":1565278836.378335,"logger":"fallback-logger","caller":"logging/config.go:65","msg":"Fetch GitHub commit ID from kodata failed: \"ref: refs/heads/master\" is not a valid GitHub commit ID"}
{"level":"info","ts":1565278837.683007,"logger":"fallback-logger","caller":"git/git.go:102","msg":"Successfully cloned https://github.com/jenkins-x-charts/environment-controller @ 772d7f16d8c003beb4aa703d6a99edf07d535a55 in path /workspace/source"}
Step: build-step-git-merge:

Warning failed to load version: failed to parse version -dev+9e73adc0b: No Major.Minor.Patch elements found
time="2019-08-08T15:40:38Z" level=info msg="got "
Using SHAs from PULL_REFS=master:f214088052fd7ebcc40721f3778d690d6bd3e181,186:772d7f16d8c003beb4aa703d6a99edf07d535a55
ran git fetch --unshallow origin 772d7f16d8c003beb4aa703d6a99edf07d535a55: f214088052fd7ebcc40721f3778d690d6bd3e181: in 
ran git checkout master in 
ran git reset --hard f214088052fd7ebcc40721f3778d690d6bd3e181 in 
ran clean --force -d . in 
ran git merge 772d7f16d8c003beb4aa703d6a99edf07d535a55 in 
Step: build-step-build-build:

rm -rf environment-controller/charts
rm -rf environment-controller/environment-controller*.tgz
rm -rf environment-controller/requirements.lock
helm init --client-only
Creating /builder/home/.helm 
Creating /builder/home/.helm/repository 
Creating /builder/home/.helm/repository/cache 
Creating /builder/home/.helm/repository/local 
Creating /builder/home/.helm/plugins 
Creating /builder/home/.helm/starters 
Creating /builder/home/.helm/cache/archive 
Creating /builder/home/.helm/repository/repositories.yaml 
Adding stable repo with URL: https://kubernetes-charts.storage.googleapis.com 
Adding local repo with URL: http://127.0.0.1:8879/charts 
$HELM_HOME has been configured at /builder/home/.helm.
Not installing Tiller due to 'client-only' flag having been set
helm repo add jenkins-x http://chartmuseum.jenkins-x.io 	
"jenkins-x" has been added to your repositories
helm dependency build environment-controller
Hang tight while we grab the latest from your chart repositories...
...Unable to get an update from the "local" chart repository (http://127.0.0.1:8879/charts):
	Get http://127.0.0.1:8879/charts/index.yaml: dial tcp 127.0.0.1:8879: connect: connection refused
...Successfully got an update from the "jenkins-x" chart repository
...Successfully got an update from the "stable" chart repository
Update Complete.
Saving 1 charts
Downloading tekton from repo http://chartmuseum.jenkins-x.io
Deleting outdated charts
helm lint environment-controller
==> Linting environment-controller
Lint OK

1 chart(s) linted, no failures
