Step: build-step-credential-initializer-w42tw:

{"level":"warn","ts":1565287183.043418,"logger":"fallback-logger","caller":"logging/config.go:65","msg":"Fetch GitHub commit ID from kodata failed: \"ref: refs/heads/master\" is not a valid GitHub commit ID"}
{"level":"info","ts":1565287183.0450473,"logger":"fallback-logger","caller":"creds-init/main.go:40","msg":"Credentials initialized."}
Step: build-step-working-dir-initializer-blm8n:

{"level":"warn","ts":1565287184.2302666,"logger":"fallback-logger","caller":"logging/config.go:65","msg":"Fetch GitHub commit ID from kodata failed: open /var/run/ko/HEAD: no such file or directory"}
{"level":"info","ts":1565287184.2319767,"logger":"fallback-logger","caller":"bash/main.go:65","msg":"Successfully executed command \"mkdir -p /workspace/source\""}
Step: build-step-place-tools:

Step: build-step-git-source-jenkins-x-charts-environment-co-67lxg:

{"level":"warn","ts":1565287186.4563403,"logger":"fallback-logger","caller":"logging/config.go:65","msg":"Fetch GitHub commit ID from kodata failed: \"ref: refs/heads/master\" is not a valid GitHub commit ID"}
{"level":"info","ts":1565287187.781905,"logger":"fallback-logger","caller":"git/git.go:102","msg":"Successfully cloned https://github.com/jenkins-x-charts/environment-controller @ a68566041fdef70b383341e7b802395708bdeb3e in path /workspace/source"}
Step: build-step-git-merge:

Warning failed to load version: failed to parse version -dev+9e73adc0b: No Major.Minor.Patch elements found
time="2019-08-08T17:59:48Z" level=info msg="got "
Using SHAs from PULL_REFS=master:635634528f116f575064d06c1c9e98d74b3422a4,187:a68566041fdef70b383341e7b802395708bdeb3e
ran git fetch --unshallow origin a68566041fdef70b383341e7b802395708bdeb3e: 635634528f116f575064d06c1c9e98d74b3422a4: in 
ran git checkout master in 
ran git reset --hard 635634528f116f575064d06c1c9e98d74b3422a4 in 
ran clean --force -d . in 
ran git merge a68566041fdef70b383341e7b802395708bdeb3e in 
Step: build-step-build-build:

rm -rf environment-controller/charts
rm -rf environment-controller/environment-controller*.tgz
rm -rf environment-controller/requirements.lock
helm init --client-only
Creating /builder/home/.helm 
Creating /builder/home/.helm/repository 
Creating /builder/home/.helm/repository/cache 
Creating /builder/home/.helm/repository/local 
Creating /builder/home/.helm/plugins 
Creating /builder/home/.helm/starters 
Creating /builder/home/.helm/cache/archive 
Creating /builder/home/.helm/repository/repositories.yaml 
Adding stable repo with URL: https://kubernetes-charts.storage.googleapis.com 
Adding local repo with URL: http://127.0.0.1:8879/charts 
$HELM_HOME has been configured at /builder/home/.helm.
Not installing Tiller due to 'client-only' flag having been set
helm repo add jenkins-x http://chartmuseum.jenkins-x.io 	
"jenkins-x" has been added to your repositories
helm dependency build environment-controller
Hang tight while we grab the latest from your chart repositories...
...Unable to get an update from the "local" chart repository (http://127.0.0.1:8879/charts):
	Get http://127.0.0.1:8879/charts/index.yaml: dial tcp 127.0.0.1:8879: connect: connection refused
...Successfully got an update from the "jenkins-x" chart repository
...Successfully got an update from the "stable" chart repository
Update Complete.
Saving 1 charts
Downloading tekton from repo http://chartmuseum.jenkins-x.io
Deleting outdated charts
helm lint environment-controller
==> Linting environment-controller
Lint OK

1 chart(s) linted, no failures
